<?xml version="1.0" encoding="UTF-8"?>
<!-- Generated by org.testng.reporters.JUnitReportReporter -->
<testsuite skipped="0" hostname="LAPTOP-DF5CB6SE" name="com.gucci.qa.testcases.HomePageTest" tests="2" failures="0" timestamp="16 Aug 2018 19:17:29 GMT" time="29.344" errors="0">
  <testcase name="titleTest" time="16.184" classname="com.gucci.qa.testcases.HomePageTest"/>
  <testcase name="logoTest" time="13.160" classname="com.gucci.qa.testcases.HomePageTest"/>
</testsuite> <!-- com.gucci.qa.testcases.HomePageTest -->
